[2017-10-19 06:38:09] rabbit-mq.INFO: Connected to rabbitmq [] []
[2017-10-19 06:38:09] rabbit-mq.INFO: RabbitMq setup [] []
[2017-10-19 06:38:09] rabbit-mq.INFO: Connected to rabbitmq [] []
[2017-10-19 06:38:09] rabbit-mq.INFO: RabbitMq setup [] []
15:38:09 ERROR     [rabbit-mq] Loop crashed: Connection closed by server: CONNECTION_FORCED - broker forced connection closure with reason 'shutdown' ["exception" => Bunny\Exception\ClientException { …}] []
15:38:09 ERROR     [rabbit-mq] Loop crashed: Connection closed by server: CONNECTION_FORCED - broker forced connection closure with reason 'shutdown' ["exception" => Bunny\Exception\ClientException { …}] []
[2017-10-19 15:38:09] rabbit-mq.ERROR: Loop crashed: Connection closed by server: CONNECTION_FORCED - broker forced connection closure with reason 'shutdown' {"exception":"[object] (Bunny\\Exception\\ClientException(code: 320): Connection closed by server: CONNECTION_FORCED - broker forced connection closure with reason 'shutdown' at /var/www/pipes/clients/clever-connectors/pipes-api/vendor/bunny/bunny/src/Bunny/AbstractClient.php:415)"} []
[2017-10-19 15:38:09] rabbit-mq.ERROR: Loop crashed: Connection closed by server: CONNECTION_FORCED - broker forced connection closure with reason 'shutdown' {"exception":"[object] (Bunny\\Exception\\ClientException(code: 320): Connection closed by server: CONNECTION_FORCED - broker forced connection closure with reason 'shutdown' at /var/www/pipes/clients/clever-connectors/pipes-api/vendor/bunny/bunny/src/Bunny/AbstractClient.php:415)"} []
[2017-10-19 15:38:11] rabbit-mq.INFO: Connected to rabbitmq [] []
[2017-10-19 15:38:11] rabbit-mq.INFO: Connected to rabbitmq [] []
15:38:11 ERROR     [rabbit-mq] RabbitMq connection error: Could not connect to rabbitmq:5672: php_network_getaddresses: getaddrinfo failed: Name or service not known. ["exception" => Bunny\Exception\ClientException { …}] []
15:38:11 ERROR     [rabbit-mq] RabbitMq connection error: Could not connect to rabbitmq:5672: php_network_getaddresses: getaddrinfo failed: Name or service not known. ["exception" => Bunny\Exception\ClientException { …}] []
[2017-10-19 15:38:11] rabbit-mq.ERROR: RabbitMq connection error: Could not connect to rabbitmq:5672: php_network_getaddresses: getaddrinfo failed: Name or service not known. {"exception":"[object] (Bunny\\Exception\\ClientException(code: 0): Could not connect to rabbitmq:5672: php_network_getaddresses: getaddrinfo failed: Name or service not known. at /var/www/pipes/clients/clever-connectors/pipes-api/vendor/bunny/bunny/src/Bunny/AbstractClient.php:229)"} []
[2017-10-19 15:38:11] rabbit-mq.ERROR: RabbitMq connection error: Could not connect to rabbitmq:5672: php_network_getaddresses: getaddrinfo failed: Name or service not known. {"exception":"[object] (Bunny\\Exception\\ClientException(code: 0): Could not connect to rabbitmq:5672: php_network_getaddresses: getaddrinfo failed: Name or service not known. at /var/www/pipes/clients/clever-connectors/pipes-api/vendor/bunny/bunny/src/Bunny/AbstractClient.php:229)"} []
[2017-10-19 15:38:15] rabbit-mq.INFO: Connected to rabbitmq [] []
[2017-10-19 15:38:15] rabbit-mq.INFO: Connected to rabbitmq [] []
15:38:15 ERROR     [rabbit-mq] RabbitMq connection error: Could not connect to rabbitmq:5672: php_network_getaddresses: getaddrinfo failed: Name or service not known. ["exception" => Bunny\Exception\ClientException { …}] []
[2017-10-19 15:38:15] rabbit-mq.ERROR: RabbitMq connection error: Could not connect to rabbitmq:5672: php_network_getaddresses: getaddrinfo failed: Name or service not known. {"exception":"[object] (Bunny\\Exception\\ClientException(code: 0): Could not connect to rabbitmq:5672: php_network_getaddresses: getaddrinfo failed: Name or service not known. at /var/www/pipes/clients/clever-connectors/pipes-api/vendor/bunny/bunny/src/Bunny/AbstractClient.php:229)"} []
15:38:15 ERROR     [rabbit-mq] RabbitMq connection error: Could not connect to rabbitmq:5672: php_network_getaddresses: getaddrinfo failed: Name or service not known. ["exception" => Bunny\Exception\ClientException { …}] []
[2017-10-19 15:38:15] rabbit-mq.ERROR: RabbitMq connection error: Could not connect to rabbitmq:5672: php_network_getaddresses: getaddrinfo failed: Name or service not known. {"exception":"[object] (Bunny\\Exception\\ClientException(code: 0): Could not connect to rabbitmq:5672: php_network_getaddresses: getaddrinfo failed: Name or service not known. at /var/www/pipes/clients/clever-connectors/pipes-api/vendor/bunny/bunny/src/Bunny/AbstractClient.php:229)"} []
[2017-10-20 13:51:48] rabbit-mq.INFO: Connected to rabbitmq [] []
[2017-10-20 13:51:48] rabbit-mq.INFO: Connected to rabbitmq [] []
[2017-10-20 13:51:48] rabbit-mq.INFO: RabbitMq setup [] []
[2017-10-20 13:51:48] rabbit-mq.INFO: RabbitMq setup [] []
